


ARM Macro Assembler    Page 1 


    1 00000000         
    2 00000000 00001000 
                       Stack_Size
                               EQU              0x00001000
    3 00000000         
    4 00000000                 AREA             STACK, NOINIT, READWRITE, ALIGN
=3
    5 00000000         Stack_Mem
                               SPACE            Stack_Size
    6 00001000         __initial_sp
    7 00001000         
    8 00001000 00001000 
                       Heap_Size
                               EQU              0x00001000
    9 00001000                 AREA             HEAP, NOINIT, READWRITE, ALIGN=
3
   10 00000000         __heap_base
   11 00000000         Heap_Mem
                               SPACE            Heap_Size
   12 00001000         __heap_limit
   13 00001000         
   14 00001000                 PRESERVE8
   15 00001000                 THUMB
   16 00001000         
   17 00001000                 AREA             RESET, DATA, READONLY
   18 00000000                 EXPORT           __Vectors
   19 00000000                 EXPORT           __Vectors_End
   20 00000000                 EXPORT           __Vectors_Size
   21 00000000         
   22 00000000 00000000 
                       __Vectors
                               DCD              __initial_sp ; Top of Stack
   23 00000004 00000000        DCD              Reset_Handler ; Reset Handler
   24 00000008 00000000        DCD              NMI_Handler ; NMI Handler
   25 0000000C 00000000        DCD              HardFault_Handler ; Hard Fault 
                                                            Handler
   26 00000010 00000000        DCD              MemManage_Handler 
                                                            ; MPU Fault Handler
                                                            
   27 00000014 00000000        DCD              BusFault_Handler 
                                                            ; Bus Fault Handler
                                                            
   28 00000018 00000000        DCD              UsageFault_Handler ; Usage Faul
                                                            t Handler
   29 0000001C 00000000        DCD              0           ; Reserved
   30 00000020 00000000        DCD              0           ; Reserved
   31 00000024 00000000        DCD              0           ; Reserved
   32 00000028 00000000        DCD              0           ; Reserved
   33 0000002C 00000000        DCD              SVC_Handler ; SVCall Handler
   34 00000030 00000000        DCD              DebugMon_Handler ; Debug Monito
                                                            r Handler
   35 00000034 00000000        DCD              0           ; Reserved
   36 00000038 00000000        DCD              PendSV_Handler ; PendSV Handler
                                                            
   37 0000003C 00000000        DCD              SysTick_Handler 
                                                            ; SysTick Handler
   38 00000040         
   39 00000040         ; External Interrupts
   40 00000040 00000000        DCD              WWDG_IRQHandler 



ARM Macro Assembler    Page 2 


                                                            ; Window Watchdog
   41 00000044 00000000        DCD              PVD_IRQHandler ; PVD through EX
                                                            TI Line detect
   42 00000048 00000000        DCD              TAMPER_IRQHandler ; Tamper
   43 0000004C 00000000        DCD              RTC_IRQHandler ; RTC
   44 00000050 00000000        DCD              FLASH_IRQHandler ; Flash
   45 00000054 00000000        DCD              RCC_IRQHandler ; RCC
   46 00000058 00000000        DCD              EXTI0_IRQHandler ; EXTI Line 0
   47 0000005C 00000000        DCD              EXTI1_IRQHandler ; EXTI Line 1
   48 00000060 00000000        DCD              EXTI2_IRQHandler ; EXTI Line 2
   49 00000064 00000000        DCD              EXTI3_IRQHandler ; EXTI Line 3
   50 00000068 00000000        DCD              EXTI4_IRQHandler ; EXTI Line 4
   51 0000006C 00000000        DCD              DMA1_Channel1_IRQHandler 
                                                            ; DMA1 Channel 1
   52 00000070 00000000        DCD              DMA1_Channel2_IRQHandler 
                                                            ; DMA1 Channel 2
   53 00000074 00000000        DCD              DMA1_Channel3_IRQHandler 
                                                            ; DMA1 Channel 3
   54 00000078 00000000        DCD              DMA1_Channel4_IRQHandler 
                                                            ; DMA1 Channel 4
   55 0000007C 00000000        DCD              DMA1_Channel5_IRQHandler 
                                                            ; DMA1 Channel 5
   56 00000080 00000000        DCD              DMA1_Channel6_IRQHandler 
                                                            ; DMA1 Channel 6
   57 00000084 00000000        DCD              DMA1_Channel7_IRQHandler 
                                                            ; DMA1 Channel 7
   58 00000088 00000000        DCD              ADC1_2_IRQHandler ; ADC1 & ADC2
                                                            
   59 0000008C 00000000        DCD              USB_HP_CAN1_TX_IRQHandler ; USB
                                                             High Priority or C
                                                            AN1 TX
   60 00000090 00000000        DCD              USB_LP_CAN1_RX0_IRQHandler ; US
                                                            B Low  Priority or 
                                                            CAN1 RX0
   61 00000094 00000000        DCD              CAN1_RX1_IRQHandler ; CAN1 RX1
   62 00000098 00000000        DCD              CAN1_SCE_IRQHandler ; CAN1 SCE
   63 0000009C 00000000        DCD              EXTI9_5_IRQHandler 
                                                            ; EXTI Line 9..5
   64 000000A0 00000000        DCD              TIM1_BRK_IRQHandler 
                                                            ; TIM1 Break
   65 000000A4 00000000        DCD              TIM1_UP_IRQHandler 
                                                            ; TIM1 Update
   66 000000A8 00000000        DCD              TIM1_TRG_COM_IRQHandler ; TIM1 
                                                            Trigger and Commuta
                                                            tion
   67 000000AC 00000000        DCD              TIM1_CC_IRQHandler ; TIM1 Captu
                                                            re Compare
   68 000000B0 00000000        DCD              TIM2_IRQHandler ; TIM2
   69 000000B4 00000000        DCD              TIM3_IRQHandler ; TIM3
   70 000000B8 00000000        DCD              TIM4_IRQHandler ; TIM4
   71 000000BC 00000000        DCD              I2C1_EV_IRQHandler ; I2C1 Event
                                                            
   72 000000C0 00000000        DCD              I2C1_ER_IRQHandler ; I2C1 Error
                                                            
   73 000000C4 00000000        DCD              I2C2_EV_IRQHandler ; I2C2 Event
                                                            
   74 000000C8 00000000        DCD              I2C2_ER_IRQHandler ; I2C2 Error
                                                            
   75 000000CC 00000000        DCD              SPI1_IRQHandler ; SPI1



ARM Macro Assembler    Page 3 


   76 000000D0 00000000        DCD              SPI2_IRQHandler ; SPI2
   77 000000D4 00000000        DCD              USART1_IRQHandler ; USART1
   78 000000D8 00000000        DCD              USART2_IRQHandler ; USART2
   79 000000DC 00000000        DCD              USART3_IRQHandler ; USART3
   80 000000E0 00000000        DCD              EXTI15_10_IRQHandler 
                                                            ; EXTI Line 15..10
   81 000000E4 00000000        DCD              RTCAlarm_IRQHandler ; RTC Alarm
                                                             through EXTI Line
   82 000000E8 00000000        DCD              USBWakeUp_IRQHandler ; USB Wake
                                                            up from suspend
   83 000000EC 00000000        DCD              TIM8_BRK_IRQHandler 
                                                            ; TIM8 Break
   84 000000F0 00000000        DCD              TIM8_UP_IRQHandler 
                                                            ; TIM8 Update
   85 000000F4 00000000        DCD              TIM8_TRG_COM_IRQHandler ; TIM8 
                                                            Trigger and Commuta
                                                            tion
   86 000000F8 00000000        DCD              TIM8_CC_IRQHandler ; TIM8 Captu
                                                            re Compare
   87 000000FC 00000000        DCD              ADC3_IRQHandler ; ADC3
   88 00000100 00000000        DCD              FSMC_IRQHandler ; FSMC
   89 00000104 00000000        DCD              SDIO_IRQHandler ; SDIO
   90 00000108 00000000        DCD              TIM5_IRQHandler ; TIM5
   91 0000010C 00000000        DCD              SPI3_IRQHandler ; SPI3
   92 00000110 00000000        DCD              UART4_IRQHandler ; UART4
   93 00000114 00000000        DCD              UART5_IRQHandler ; UART5
   94 00000118 00000000        DCD              TIM6_IRQHandler ; TIM6
   95 0000011C 00000000        DCD              TIM7_IRQHandler ; TIM7
   96 00000120 00000000        DCD              DMA2_Channel1_IRQHandler 
                                                            ; DMA2 Channel1
   97 00000124 00000000        DCD              DMA2_Channel2_IRQHandler 
                                                            ; DMA2 Channel2
   98 00000128 00000000        DCD              DMA2_Channel3_IRQHandler 
                                                            ; DMA2 Channel3
   99 0000012C 00000000        DCD              DMA2_Channel4_5_IRQHandler ; DM
                                                            A2 Channel4 & Chann
                                                            el5
  100 00000130         __Vectors_End
  101 00000130         
  102 00000130 00000130 
                       __Vectors_Size
                               EQU              __Vectors_End - __Vectors
  103 00000130         
  104 00000130                 AREA             |.text|, CODE, READONLY
  105 00000000         
  106 00000000         ; Reset handler
  107 00000000         Reset_Handler
                               PROC
  108 00000000                 EXPORT           Reset_Handler             [WEAK
]
  109 00000000                 IMPORT           __main
  110 00000000         ;IMPORT  SystemInit
  111 00000000         ;LDR     R0, =SystemInit
  112 00000000         ;BLX     R0               
  113 00000000 4808            LDR              R0, =__main
  114 00000002 4700            BX               R0
  115 00000004                 ENDP
  116 00000004         
  117 00000004         ; Dummy Exception Handlers (infinite loops which can be 



ARM Macro Assembler    Page 4 


                       modified)
  118 00000004         
  119 00000004         NMI_Handler
                               PROC
  120 00000004                 EXPORT           NMI_Handler                [WEA
K]
  121 00000004 E7FE            B                .
  122 00000006                 ENDP
  124 00000006         HardFault_Handler
                               PROC
  125 00000006                 EXPORT           HardFault_Handler          [WEA
K]
  126 00000006 E7FE            B                .
  127 00000008                 ENDP
  129 00000008         MemManage_Handler
                               PROC
  130 00000008                 EXPORT           MemManage_Handler          [WEA
K]
  131 00000008 E7FE            B                .
  132 0000000A                 ENDP
  134 0000000A         BusFault_Handler
                               PROC
  135 0000000A                 EXPORT           BusFault_Handler           [WEA
K]
  136 0000000A E7FE            B                .
  137 0000000C                 ENDP
  139 0000000C         UsageFault_Handler
                               PROC
  140 0000000C                 EXPORT           UsageFault_Handler         [WEA
K]
  141 0000000C E7FE            B                .
  142 0000000E                 ENDP
  143 0000000E         SVC_Handler
                               PROC
  144 0000000E                 EXPORT           SVC_Handler                [WEA
K]
  145 0000000E E7FE            B                .
  146 00000010                 ENDP
  148 00000010         DebugMon_Handler
                               PROC
  149 00000010                 EXPORT           DebugMon_Handler           [WEA
K]
  150 00000010 E7FE            B                .
  151 00000012                 ENDP
  152 00000012         PendSV_Handler
                               PROC
  153 00000012                 EXPORT           PendSV_Handler             [WEA
K]
  154 00000012 E7FE            B                .
  155 00000014                 ENDP
  156 00000014         SysTick_Handler
                               PROC
  157 00000014                 EXPORT           SysTick_Handler            [WEA
K]
  158 00000014 E7FE            B                .
  159 00000016                 ENDP
  160 00000016         
  161 00000016         Default_Handler
                               PROC



ARM Macro Assembler    Page 5 


  162 00000016         
  163 00000016                 EXPORT           WWDG_IRQHandler            [WEA
K]
  164 00000016                 EXPORT           PVD_IRQHandler             [WEA
K]
  165 00000016                 EXPORT           TAMPER_IRQHandler          [WEA
K]
  166 00000016                 EXPORT           RTC_IRQHandler             [WEA
K]
  167 00000016                 EXPORT           FLASH_IRQHandler           [WEA
K]
  168 00000016                 EXPORT           RCC_IRQHandler             [WEA
K]
  169 00000016                 EXPORT           EXTI0_IRQHandler           [WEA
K]
  170 00000016                 EXPORT           EXTI1_IRQHandler           [WEA
K]
  171 00000016                 EXPORT           EXTI2_IRQHandler           [WEA
K]
  172 00000016                 EXPORT           EXTI3_IRQHandler           [WEA
K]
  173 00000016                 EXPORT           EXTI4_IRQHandler           [WEA
K]
  174 00000016                 EXPORT           DMA1_Channel1_IRQHandler   [WEA
K]
  175 00000016                 EXPORT           DMA1_Channel2_IRQHandler   [WEA
K]
  176 00000016                 EXPORT           DMA1_Channel3_IRQHandler   [WEA
K]
  177 00000016                 EXPORT           DMA1_Channel4_IRQHandler   [WEA
K]
  178 00000016                 EXPORT           DMA1_Channel5_IRQHandler   [WEA
K]
  179 00000016                 EXPORT           DMA1_Channel6_IRQHandler   [WEA
K]
  180 00000016                 EXPORT           DMA1_Channel7_IRQHandler   [WEA
K]
  181 00000016                 EXPORT           ADC1_2_IRQHandler          [WEA
K]
  182 00000016                 EXPORT           USB_HP_CAN1_TX_IRQHandler  [WEA
K]
  183 00000016                 EXPORT           USB_LP_CAN1_RX0_IRQHandler [WEA
K]
  184 00000016                 EXPORT           CAN1_RX1_IRQHandler        [WEA
K]
  185 00000016                 EXPORT           CAN1_SCE_IRQHandler        [WEA
K]
  186 00000016                 EXPORT           EXTI9_5_IRQHandler         [WEA
K]
  187 00000016                 EXPORT           TIM1_BRK_IRQHandler        [WEA
K]
  188 00000016                 EXPORT           TIM1_UP_IRQHandler         [WEA
K]
  189 00000016                 EXPORT           TIM1_TRG_COM_IRQHandler    [WEA
K]
  190 00000016                 EXPORT           TIM1_CC_IRQHandler         [WEA
K]
  191 00000016                 EXPORT           TIM2_IRQHandler            [WEA
K]



ARM Macro Assembler    Page 6 


  192 00000016                 EXPORT           TIM3_IRQHandler            [WEA
K]
  193 00000016                 EXPORT           TIM4_IRQHandler            [WEA
K]
  194 00000016                 EXPORT           I2C1_EV_IRQHandler         [WEA
K]
  195 00000016                 EXPORT           I2C1_ER_IRQHandler         [WEA
K]
  196 00000016                 EXPORT           I2C2_EV_IRQHandler         [WEA
K]
  197 00000016                 EXPORT           I2C2_ER_IRQHandler         [WEA
K]
  198 00000016                 EXPORT           SPI1_IRQHandler            [WEA
K]
  199 00000016                 EXPORT           SPI2_IRQHandler            [WEA
K]
  200 00000016                 EXPORT           USART1_IRQHandler          [WEA
K]
  201 00000016                 EXPORT           USART2_IRQHandler          [WEA
K]
  202 00000016                 EXPORT           USART3_IRQHandler          [WEA
K]
  203 00000016                 EXPORT           EXTI15_10_IRQHandler       [WEA
K]
  204 00000016                 EXPORT           RTCAlarm_IRQHandler        [WEA
K]
  205 00000016                 EXPORT           USBWakeUp_IRQHandler       [WEA
K]
  206 00000016                 EXPORT           TIM8_BRK_IRQHandler        [WEA
K]
  207 00000016                 EXPORT           TIM8_UP_IRQHandler         [WEA
K]
  208 00000016                 EXPORT           TIM8_TRG_COM_IRQHandler    [WEA
K]
  209 00000016                 EXPORT           TIM8_CC_IRQHandler         [WEA
K]
  210 00000016                 EXPORT           ADC3_IRQHandler            [WEA
K]
  211 00000016                 EXPORT           FSMC_IRQHandler            [WEA
K]
  212 00000016                 EXPORT           SDIO_IRQHandler            [WEA
K]
  213 00000016                 EXPORT           TIM5_IRQHandler            [WEA
K]
  214 00000016                 EXPORT           SPI3_IRQHandler            [WEA
K]
  215 00000016                 EXPORT           UART4_IRQHandler           [WEA
K]
  216 00000016                 EXPORT           UART5_IRQHandler           [WEA
K]
  217 00000016                 EXPORT           TIM6_IRQHandler            [WEA
K]
  218 00000016                 EXPORT           TIM7_IRQHandler            [WEA
K]
  219 00000016                 EXPORT           DMA2_Channel1_IRQHandler   [WEA
K]
  220 00000016                 EXPORT           DMA2_Channel2_IRQHandler   [WEA
K]
  221 00000016                 EXPORT           DMA2_Channel3_IRQHandler   [WEA



ARM Macro Assembler    Page 7 


K]
  222 00000016                 EXPORT           DMA2_Channel4_5_IRQHandler [WEA
K]
  223 00000016         
  224 00000016         WWDG_IRQHandler
  225 00000016         PVD_IRQHandler
  226 00000016         TAMPER_IRQHandler
  227 00000016         RTC_IRQHandler
  228 00000016         FLASH_IRQHandler
  229 00000016         RCC_IRQHandler
  230 00000016         EXTI0_IRQHandler
  231 00000016         EXTI1_IRQHandler
  232 00000016         EXTI2_IRQHandler
  233 00000016         EXTI3_IRQHandler
  234 00000016         EXTI4_IRQHandler
  235 00000016         DMA1_Channel1_IRQHandler
  236 00000016         DMA1_Channel2_IRQHandler
  237 00000016         DMA1_Channel3_IRQHandler
  238 00000016         DMA1_Channel4_IRQHandler
  239 00000016         DMA1_Channel5_IRQHandler
  240 00000016         DMA1_Channel6_IRQHandler
  241 00000016         DMA1_Channel7_IRQHandler
  242 00000016         ADC1_2_IRQHandler
  243 00000016         USB_HP_CAN1_TX_IRQHandler
  244 00000016         USB_LP_CAN1_RX0_IRQHandler
  245 00000016         CAN1_RX1_IRQHandler
  246 00000016         CAN1_SCE_IRQHandler
  247 00000016         EXTI9_5_IRQHandler
  248 00000016         TIM1_BRK_IRQHandler
  249 00000016         TIM1_UP_IRQHandler
  250 00000016         TIM1_TRG_COM_IRQHandler
  251 00000016         TIM1_CC_IRQHandler
  252 00000016         TIM2_IRQHandler
  253 00000016         TIM3_IRQHandler
  254 00000016         TIM4_IRQHandler
  255 00000016         I2C1_EV_IRQHandler
  256 00000016         I2C1_ER_IRQHandler
  257 00000016         I2C2_EV_IRQHandler
  258 00000016         I2C2_ER_IRQHandler
  259 00000016         SPI1_IRQHandler
  260 00000016         SPI2_IRQHandler
  261 00000016         USART1_IRQHandler
  262 00000016         USART2_IRQHandler
  263 00000016         USART3_IRQHandler
  264 00000016         EXTI15_10_IRQHandler
  265 00000016         RTCAlarm_IRQHandler
  266 00000016         USBWakeUp_IRQHandler
  267 00000016         TIM8_BRK_IRQHandler
  268 00000016         TIM8_UP_IRQHandler
  269 00000016         TIM8_TRG_COM_IRQHandler
  270 00000016         TIM8_CC_IRQHandler
  271 00000016         ADC3_IRQHandler
  272 00000016         FSMC_IRQHandler
  273 00000016         SDIO_IRQHandler
  274 00000016         TIM5_IRQHandler
  275 00000016         SPI3_IRQHandler
  276 00000016         UART4_IRQHandler
  277 00000016         UART5_IRQHandler
  278 00000016         TIM6_IRQHandler



ARM Macro Assembler    Page 8 


  279 00000016         TIM7_IRQHandler
  280 00000016         DMA2_Channel1_IRQHandler
  281 00000016         DMA2_Channel2_IRQHandler
  282 00000016         DMA2_Channel3_IRQHandler
  283 00000016         DMA2_Channel4_5_IRQHandler
  284 00000016 E7FE            B                .
  285 00000018         
  286 00000018                 ENDP
  287 00000018         
  288 00000018                 ALIGN
  289 00000018         
  290 00000018         ;*******************************************************
                       ************************
  291 00000018         ; User Stack and Heap initialization
  292 00000018         ;*******************************************************
                       ************************
  293 00000018                 IF               :DEF:__MICROLIB
  300 00000018         
  301 00000018                 IMPORT           __use_two_region_memory
  302 00000018                 EXPORT           __user_initial_stackheap
  303 00000018         
  304 00000018         __user_initial_stackheap
  305 00000018         
  306 00000018 4803            LDR              R0, =  Heap_Mem
  307 0000001A 4904            LDR              R1, =(Stack_Mem + Stack_Size)
  308 0000001C 4A04            LDR              R2, = (Heap_Mem +  Heap_Size)
  309 0000001E 4B05            LDR              R3, = Stack_Mem
  310 00000020 4770            BX               LR
  311 00000022         
  312 00000022 00 00           ALIGN
  313 00000024         
  314 00000024                 ENDIF
  315 00000024         
  316 00000024                 END
              00000000 
              00000000 
              00001000 
              00001000 
              00000000 
Command Line: --debug --xref --diag_suppress=9931 --cpu=Cortex-M3 --apcs=interw
ork --depend=.\objects\startup_stm32f10x_hd.d -o.\objects\startup_stm32f10x_hd.
o -IC:\Keil_v5\ARM\PACK\Keil\STM32F1xx_DFP\1.0.5\Device\Include -IC:\Keil_v5\AR
M\CMSIS\Include --predefine="__UVISION_VERSION SETA 532" --predefine="STM32F10X
_MD SETA 1" --list=.\listings\startup_stm32f10x_hd.lst ..\sys\startup_stm32f10x
_hd.s



ARM Macro Assembler    Page 1 Alphabetic symbol ordering
Relocatable symbols

STACK 00000000

Symbol: STACK
   Definitions
      At line 4 in file ..\sys\startup_stm32f10x_hd.s
   Uses
      None
Comment: STACK unused
Stack_Mem 00000000

Symbol: Stack_Mem
   Definitions
      At line 5 in file ..\sys\startup_stm32f10x_hd.s
   Uses
      At line 307 in file ..\sys\startup_stm32f10x_hd.s
      At line 309 in file ..\sys\startup_stm32f10x_hd.s

__initial_sp 00001000

Symbol: __initial_sp
   Definitions
      At line 6 in file ..\sys\startup_stm32f10x_hd.s
   Uses
      At line 22 in file ..\sys\startup_stm32f10x_hd.s
Comment: __initial_sp used once
3 symbols



ARM Macro Assembler    Page 1 Alphabetic symbol ordering
Relocatable symbols

HEAP 00000000

Symbol: HEAP
   Definitions
      At line 9 in file ..\sys\startup_stm32f10x_hd.s
   Uses
      None
Comment: HEAP unused
Heap_Mem 00000000

Symbol: Heap_Mem
   Definitions
      At line 11 in file ..\sys\startup_stm32f10x_hd.s
   Uses
      At line 306 in file ..\sys\startup_stm32f10x_hd.s
      At line 308 in file ..\sys\startup_stm32f10x_hd.s

__heap_base 00000000

Symbol: __heap_base
   Definitions
      At line 10 in file ..\sys\startup_stm32f10x_hd.s
   Uses
      None
Comment: __heap_base unused
__heap_limit 00001000

Symbol: __heap_limit
   Definitions
      At line 12 in file ..\sys\startup_stm32f10x_hd.s
   Uses
      None
Comment: __heap_limit unused
4 symbols



ARM Macro Assembler    Page 1 Alphabetic symbol ordering
Relocatable symbols

RESET 00000000

Symbol: RESET
   Definitions
      At line 17 in file ..\sys\startup_stm32f10x_hd.s
   Uses
      None
Comment: RESET unused
__Vectors 00000000

Symbol: __Vectors
   Definitions
      At line 22 in file ..\sys\startup_stm32f10x_hd.s
   Uses
      At line 18 in file ..\sys\startup_stm32f10x_hd.s
      At line 102 in file ..\sys\startup_stm32f10x_hd.s

__Vectors_End 00000130

Symbol: __Vectors_End
   Definitions
      At line 100 in file ..\sys\startup_stm32f10x_hd.s
   Uses
      At line 19 in file ..\sys\startup_stm32f10x_hd.s
      At line 102 in file ..\sys\startup_stm32f10x_hd.s

3 symbols



ARM Macro Assembler    Page 1 Alphabetic symbol ordering
Relocatable symbols

.text 00000000

Symbol: .text
   Definitions
      At line 104 in file ..\sys\startup_stm32f10x_hd.s
   Uses
      None
Comment: .text unused
ADC1_2_IRQHandler 00000016

Symbol: ADC1_2_IRQHandler
   Definitions
      At line 242 in file ..\sys\startup_stm32f10x_hd.s
   Uses
      At line 58 in file ..\sys\startup_stm32f10x_hd.s
      At line 181 in file ..\sys\startup_stm32f10x_hd.s

ADC3_IRQHandler 00000016

Symbol: ADC3_IRQHandler
   Definitions
      At line 271 in file ..\sys\startup_stm32f10x_hd.s
   Uses
      At line 87 in file ..\sys\startup_stm32f10x_hd.s
      At line 210 in file ..\sys\startup_stm32f10x_hd.s

BusFault_Handler 0000000A

Symbol: BusFault_Handler
   Definitions
      At line 134 in file ..\sys\startup_stm32f10x_hd.s
   Uses
      At line 27 in file ..\sys\startup_stm32f10x_hd.s
      At line 135 in file ..\sys\startup_stm32f10x_hd.s

CAN1_RX1_IRQHandler 00000016

Symbol: CAN1_RX1_IRQHandler
   Definitions
      At line 245 in file ..\sys\startup_stm32f10x_hd.s
   Uses
      At line 61 in file ..\sys\startup_stm32f10x_hd.s
      At line 184 in file ..\sys\startup_stm32f10x_hd.s

CAN1_SCE_IRQHandler 00000016

Symbol: CAN1_SCE_IRQHandler
   Definitions
      At line 246 in file ..\sys\startup_stm32f10x_hd.s
   Uses
      At line 62 in file ..\sys\startup_stm32f10x_hd.s
      At line 185 in file ..\sys\startup_stm32f10x_hd.s

DMA1_Channel1_IRQHandler 00000016

Symbol: DMA1_Channel1_IRQHandler
   Definitions
      At line 235 in file ..\sys\startup_stm32f10x_hd.s
   Uses



ARM Macro Assembler    Page 2 Alphabetic symbol ordering
Relocatable symbols

      At line 51 in file ..\sys\startup_stm32f10x_hd.s
      At line 174 in file ..\sys\startup_stm32f10x_hd.s

DMA1_Channel2_IRQHandler 00000016

Symbol: DMA1_Channel2_IRQHandler
   Definitions
      At line 236 in file ..\sys\startup_stm32f10x_hd.s
   Uses
      At line 52 in file ..\sys\startup_stm32f10x_hd.s
      At line 175 in file ..\sys\startup_stm32f10x_hd.s

DMA1_Channel3_IRQHandler 00000016

Symbol: DMA1_Channel3_IRQHandler
   Definitions
      At line 237 in file ..\sys\startup_stm32f10x_hd.s
   Uses
      At line 53 in file ..\sys\startup_stm32f10x_hd.s
      At line 176 in file ..\sys\startup_stm32f10x_hd.s

DMA1_Channel4_IRQHandler 00000016

Symbol: DMA1_Channel4_IRQHandler
   Definitions
      At line 238 in file ..\sys\startup_stm32f10x_hd.s
   Uses
      At line 54 in file ..\sys\startup_stm32f10x_hd.s
      At line 177 in file ..\sys\startup_stm32f10x_hd.s

DMA1_Channel5_IRQHandler 00000016

Symbol: DMA1_Channel5_IRQHandler
   Definitions
      At line 239 in file ..\sys\startup_stm32f10x_hd.s
   Uses
      At line 55 in file ..\sys\startup_stm32f10x_hd.s
      At line 178 in file ..\sys\startup_stm32f10x_hd.s

DMA1_Channel6_IRQHandler 00000016

Symbol: DMA1_Channel6_IRQHandler
   Definitions
      At line 240 in file ..\sys\startup_stm32f10x_hd.s
   Uses
      At line 56 in file ..\sys\startup_stm32f10x_hd.s
      At line 179 in file ..\sys\startup_stm32f10x_hd.s

DMA1_Channel7_IRQHandler 00000016

Symbol: DMA1_Channel7_IRQHandler
   Definitions
      At line 241 in file ..\sys\startup_stm32f10x_hd.s
   Uses
      At line 57 in file ..\sys\startup_stm32f10x_hd.s
      At line 180 in file ..\sys\startup_stm32f10x_hd.s

DMA2_Channel1_IRQHandler 00000016




ARM Macro Assembler    Page 3 Alphabetic symbol ordering
Relocatable symbols

Symbol: DMA2_Channel1_IRQHandler
   Definitions
      At line 280 in file ..\sys\startup_stm32f10x_hd.s
   Uses
      At line 96 in file ..\sys\startup_stm32f10x_hd.s
      At line 219 in file ..\sys\startup_stm32f10x_hd.s

DMA2_Channel2_IRQHandler 00000016

Symbol: DMA2_Channel2_IRQHandler
   Definitions
      At line 281 in file ..\sys\startup_stm32f10x_hd.s
   Uses
      At line 97 in file ..\sys\startup_stm32f10x_hd.s
      At line 220 in file ..\sys\startup_stm32f10x_hd.s

DMA2_Channel3_IRQHandler 00000016

Symbol: DMA2_Channel3_IRQHandler
   Definitions
      At line 282 in file ..\sys\startup_stm32f10x_hd.s
   Uses
      At line 98 in file ..\sys\startup_stm32f10x_hd.s
      At line 221 in file ..\sys\startup_stm32f10x_hd.s

DMA2_Channel4_5_IRQHandler 00000016

Symbol: DMA2_Channel4_5_IRQHandler
   Definitions
      At line 283 in file ..\sys\startup_stm32f10x_hd.s
   Uses
      At line 99 in file ..\sys\startup_stm32f10x_hd.s
      At line 222 in file ..\sys\startup_stm32f10x_hd.s

DebugMon_Handler 00000010

Symbol: DebugMon_Handler
   Definitions
      At line 148 in file ..\sys\startup_stm32f10x_hd.s
   Uses
      At line 34 in file ..\sys\startup_stm32f10x_hd.s
      At line 149 in file ..\sys\startup_stm32f10x_hd.s

Default_Handler 00000016

Symbol: Default_Handler
   Definitions
      At line 161 in file ..\sys\startup_stm32f10x_hd.s
   Uses
      None
Comment: Default_Handler unused
EXTI0_IRQHandler 00000016

Symbol: EXTI0_IRQHandler
   Definitions
      At line 230 in file ..\sys\startup_stm32f10x_hd.s
   Uses
      At line 46 in file ..\sys\startup_stm32f10x_hd.s
      At line 169 in file ..\sys\startup_stm32f10x_hd.s



ARM Macro Assembler    Page 4 Alphabetic symbol ordering
Relocatable symbols


EXTI15_10_IRQHandler 00000016

Symbol: EXTI15_10_IRQHandler
   Definitions
      At line 264 in file ..\sys\startup_stm32f10x_hd.s
   Uses
      At line 80 in file ..\sys\startup_stm32f10x_hd.s
      At line 203 in file ..\sys\startup_stm32f10x_hd.s

EXTI1_IRQHandler 00000016

Symbol: EXTI1_IRQHandler
   Definitions
      At line 231 in file ..\sys\startup_stm32f10x_hd.s
   Uses
      At line 47 in file ..\sys\startup_stm32f10x_hd.s
      At line 170 in file ..\sys\startup_stm32f10x_hd.s

EXTI2_IRQHandler 00000016

Symbol: EXTI2_IRQHandler
   Definitions
      At line 232 in file ..\sys\startup_stm32f10x_hd.s
   Uses
      At line 48 in file ..\sys\startup_stm32f10x_hd.s
      At line 171 in file ..\sys\startup_stm32f10x_hd.s

EXTI3_IRQHandler 00000016

Symbol: EXTI3_IRQHandler
   Definitions
      At line 233 in file ..\sys\startup_stm32f10x_hd.s
   Uses
      At line 49 in file ..\sys\startup_stm32f10x_hd.s
      At line 172 in file ..\sys\startup_stm32f10x_hd.s

EXTI4_IRQHandler 00000016

Symbol: EXTI4_IRQHandler
   Definitions
      At line 234 in file ..\sys\startup_stm32f10x_hd.s
   Uses
      At line 50 in file ..\sys\startup_stm32f10x_hd.s
      At line 173 in file ..\sys\startup_stm32f10x_hd.s

EXTI9_5_IRQHandler 00000016

Symbol: EXTI9_5_IRQHandler
   Definitions
      At line 247 in file ..\sys\startup_stm32f10x_hd.s
   Uses
      At line 63 in file ..\sys\startup_stm32f10x_hd.s
      At line 186 in file ..\sys\startup_stm32f10x_hd.s

FLASH_IRQHandler 00000016

Symbol: FLASH_IRQHandler
   Definitions



ARM Macro Assembler    Page 5 Alphabetic symbol ordering
Relocatable symbols

      At line 228 in file ..\sys\startup_stm32f10x_hd.s
   Uses
      At line 44 in file ..\sys\startup_stm32f10x_hd.s
      At line 167 in file ..\sys\startup_stm32f10x_hd.s

FSMC_IRQHandler 00000016

Symbol: FSMC_IRQHandler
   Definitions
      At line 272 in file ..\sys\startup_stm32f10x_hd.s
   Uses
      At line 88 in file ..\sys\startup_stm32f10x_hd.s
      At line 211 in file ..\sys\startup_stm32f10x_hd.s

HardFault_Handler 00000006

Symbol: HardFault_Handler
   Definitions
      At line 124 in file ..\sys\startup_stm32f10x_hd.s
   Uses
      At line 25 in file ..\sys\startup_stm32f10x_hd.s
      At line 125 in file ..\sys\startup_stm32f10x_hd.s

I2C1_ER_IRQHandler 00000016

Symbol: I2C1_ER_IRQHandler
   Definitions
      At line 256 in file ..\sys\startup_stm32f10x_hd.s
   Uses
      At line 72 in file ..\sys\startup_stm32f10x_hd.s
      At line 195 in file ..\sys\startup_stm32f10x_hd.s

I2C1_EV_IRQHandler 00000016

Symbol: I2C1_EV_IRQHandler
   Definitions
      At line 255 in file ..\sys\startup_stm32f10x_hd.s
   Uses
      At line 71 in file ..\sys\startup_stm32f10x_hd.s
      At line 194 in file ..\sys\startup_stm32f10x_hd.s

I2C2_ER_IRQHandler 00000016

Symbol: I2C2_ER_IRQHandler
   Definitions
      At line 258 in file ..\sys\startup_stm32f10x_hd.s
   Uses
      At line 74 in file ..\sys\startup_stm32f10x_hd.s
      At line 197 in file ..\sys\startup_stm32f10x_hd.s

I2C2_EV_IRQHandler 00000016

Symbol: I2C2_EV_IRQHandler
   Definitions
      At line 257 in file ..\sys\startup_stm32f10x_hd.s
   Uses
      At line 73 in file ..\sys\startup_stm32f10x_hd.s
      At line 196 in file ..\sys\startup_stm32f10x_hd.s




ARM Macro Assembler    Page 6 Alphabetic symbol ordering
Relocatable symbols

MemManage_Handler 00000008

Symbol: MemManage_Handler
   Definitions
      At line 129 in file ..\sys\startup_stm32f10x_hd.s
   Uses
      At line 26 in file ..\sys\startup_stm32f10x_hd.s
      At line 130 in file ..\sys\startup_stm32f10x_hd.s

NMI_Handler 00000004

Symbol: NMI_Handler
   Definitions
      At line 119 in file ..\sys\startup_stm32f10x_hd.s
   Uses
      At line 24 in file ..\sys\startup_stm32f10x_hd.s
      At line 120 in file ..\sys\startup_stm32f10x_hd.s

PVD_IRQHandler 00000016

Symbol: PVD_IRQHandler
   Definitions
      At line 225 in file ..\sys\startup_stm32f10x_hd.s
   Uses
      At line 41 in file ..\sys\startup_stm32f10x_hd.s
      At line 164 in file ..\sys\startup_stm32f10x_hd.s

PendSV_Handler 00000012

Symbol: PendSV_Handler
   Definitions
      At line 152 in file ..\sys\startup_stm32f10x_hd.s
   Uses
      At line 36 in file ..\sys\startup_stm32f10x_hd.s
      At line 153 in file ..\sys\startup_stm32f10x_hd.s

RCC_IRQHandler 00000016

Symbol: RCC_IRQHandler
   Definitions
      At line 229 in file ..\sys\startup_stm32f10x_hd.s
   Uses
      At line 45 in file ..\sys\startup_stm32f10x_hd.s
      At line 168 in file ..\sys\startup_stm32f10x_hd.s

RTCAlarm_IRQHandler 00000016

Symbol: RTCAlarm_IRQHandler
   Definitions
      At line 265 in file ..\sys\startup_stm32f10x_hd.s
   Uses
      At line 81 in file ..\sys\startup_stm32f10x_hd.s
      At line 204 in file ..\sys\startup_stm32f10x_hd.s

RTC_IRQHandler 00000016

Symbol: RTC_IRQHandler
   Definitions
      At line 227 in file ..\sys\startup_stm32f10x_hd.s



ARM Macro Assembler    Page 7 Alphabetic symbol ordering
Relocatable symbols

   Uses
      At line 43 in file ..\sys\startup_stm32f10x_hd.s
      At line 166 in file ..\sys\startup_stm32f10x_hd.s

Reset_Handler 00000000

Symbol: Reset_Handler
   Definitions
      At line 107 in file ..\sys\startup_stm32f10x_hd.s
   Uses
      At line 23 in file ..\sys\startup_stm32f10x_hd.s
      At line 108 in file ..\sys\startup_stm32f10x_hd.s

SDIO_IRQHandler 00000016

Symbol: SDIO_IRQHandler
   Definitions
      At line 273 in file ..\sys\startup_stm32f10x_hd.s
   Uses
      At line 89 in file ..\sys\startup_stm32f10x_hd.s
      At line 212 in file ..\sys\startup_stm32f10x_hd.s

SPI1_IRQHandler 00000016

Symbol: SPI1_IRQHandler
   Definitions
      At line 259 in file ..\sys\startup_stm32f10x_hd.s
   Uses
      At line 75 in file ..\sys\startup_stm32f10x_hd.s
      At line 198 in file ..\sys\startup_stm32f10x_hd.s

SPI2_IRQHandler 00000016

Symbol: SPI2_IRQHandler
   Definitions
      At line 260 in file ..\sys\startup_stm32f10x_hd.s
   Uses
      At line 76 in file ..\sys\startup_stm32f10x_hd.s
      At line 199 in file ..\sys\startup_stm32f10x_hd.s

SPI3_IRQHandler 00000016

Symbol: SPI3_IRQHandler
   Definitions
      At line 275 in file ..\sys\startup_stm32f10x_hd.s
   Uses
      At line 91 in file ..\sys\startup_stm32f10x_hd.s
      At line 214 in file ..\sys\startup_stm32f10x_hd.s

SVC_Handler 0000000E

Symbol: SVC_Handler
   Definitions
      At line 143 in file ..\sys\startup_stm32f10x_hd.s
   Uses
      At line 33 in file ..\sys\startup_stm32f10x_hd.s
      At line 144 in file ..\sys\startup_stm32f10x_hd.s

SysTick_Handler 00000014



ARM Macro Assembler    Page 8 Alphabetic symbol ordering
Relocatable symbols


Symbol: SysTick_Handler
   Definitions
      At line 156 in file ..\sys\startup_stm32f10x_hd.s
   Uses
      At line 37 in file ..\sys\startup_stm32f10x_hd.s
      At line 157 in file ..\sys\startup_stm32f10x_hd.s

TAMPER_IRQHandler 00000016

Symbol: TAMPER_IRQHandler
   Definitions
      At line 226 in file ..\sys\startup_stm32f10x_hd.s
   Uses
      At line 42 in file ..\sys\startup_stm32f10x_hd.s
      At line 165 in file ..\sys\startup_stm32f10x_hd.s

TIM1_BRK_IRQHandler 00000016

Symbol: TIM1_BRK_IRQHandler
   Definitions
      At line 248 in file ..\sys\startup_stm32f10x_hd.s
   Uses
      At line 64 in file ..\sys\startup_stm32f10x_hd.s
      At line 187 in file ..\sys\startup_stm32f10x_hd.s

TIM1_CC_IRQHandler 00000016

Symbol: TIM1_CC_IRQHandler
   Definitions
      At line 251 in file ..\sys\startup_stm32f10x_hd.s
   Uses
      At line 67 in file ..\sys\startup_stm32f10x_hd.s
      At line 190 in file ..\sys\startup_stm32f10x_hd.s

TIM1_TRG_COM_IRQHandler 00000016

Symbol: TIM1_TRG_COM_IRQHandler
   Definitions
      At line 250 in file ..\sys\startup_stm32f10x_hd.s
   Uses
      At line 66 in file ..\sys\startup_stm32f10x_hd.s
      At line 189 in file ..\sys\startup_stm32f10x_hd.s

TIM1_UP_IRQHandler 00000016

Symbol: TIM1_UP_IRQHandler
   Definitions
      At line 249 in file ..\sys\startup_stm32f10x_hd.s
   Uses
      At line 65 in file ..\sys\startup_stm32f10x_hd.s
      At line 188 in file ..\sys\startup_stm32f10x_hd.s

TIM2_IRQHandler 00000016

Symbol: TIM2_IRQHandler
   Definitions
      At line 252 in file ..\sys\startup_stm32f10x_hd.s
   Uses



ARM Macro Assembler    Page 9 Alphabetic symbol ordering
Relocatable symbols

      At line 68 in file ..\sys\startup_stm32f10x_hd.s
      At line 191 in file ..\sys\startup_stm32f10x_hd.s

TIM3_IRQHandler 00000016

Symbol: TIM3_IRQHandler
   Definitions
      At line 253 in file ..\sys\startup_stm32f10x_hd.s
   Uses
      At line 69 in file ..\sys\startup_stm32f10x_hd.s
      At line 192 in file ..\sys\startup_stm32f10x_hd.s

TIM4_IRQHandler 00000016

Symbol: TIM4_IRQHandler
   Definitions
      At line 254 in file ..\sys\startup_stm32f10x_hd.s
   Uses
      At line 70 in file ..\sys\startup_stm32f10x_hd.s
      At line 193 in file ..\sys\startup_stm32f10x_hd.s

TIM5_IRQHandler 00000016

Symbol: TIM5_IRQHandler
   Definitions
      At line 274 in file ..\sys\startup_stm32f10x_hd.s
   Uses
      At line 90 in file ..\sys\startup_stm32f10x_hd.s
      At line 213 in file ..\sys\startup_stm32f10x_hd.s

TIM6_IRQHandler 00000016

Symbol: TIM6_IRQHandler
   Definitions
      At line 278 in file ..\sys\startup_stm32f10x_hd.s
   Uses
      At line 94 in file ..\sys\startup_stm32f10x_hd.s
      At line 217 in file ..\sys\startup_stm32f10x_hd.s

TIM7_IRQHandler 00000016

Symbol: TIM7_IRQHandler
   Definitions
      At line 279 in file ..\sys\startup_stm32f10x_hd.s
   Uses
      At line 95 in file ..\sys\startup_stm32f10x_hd.s
      At line 218 in file ..\sys\startup_stm32f10x_hd.s

TIM8_BRK_IRQHandler 00000016

Symbol: TIM8_BRK_IRQHandler
   Definitions
      At line 267 in file ..\sys\startup_stm32f10x_hd.s
   Uses
      At line 83 in file ..\sys\startup_stm32f10x_hd.s
      At line 206 in file ..\sys\startup_stm32f10x_hd.s

TIM8_CC_IRQHandler 00000016




ARM Macro Assembler    Page 10 Alphabetic symbol ordering
Relocatable symbols

Symbol: TIM8_CC_IRQHandler
   Definitions
      At line 270 in file ..\sys\startup_stm32f10x_hd.s
   Uses
      At line 86 in file ..\sys\startup_stm32f10x_hd.s
      At line 209 in file ..\sys\startup_stm32f10x_hd.s

TIM8_TRG_COM_IRQHandler 00000016

Symbol: TIM8_TRG_COM_IRQHandler
   Definitions
      At line 269 in file ..\sys\startup_stm32f10x_hd.s
   Uses
      At line 85 in file ..\sys\startup_stm32f10x_hd.s
      At line 208 in file ..\sys\startup_stm32f10x_hd.s

TIM8_UP_IRQHandler 00000016

Symbol: TIM8_UP_IRQHandler
   Definitions
      At line 268 in file ..\sys\startup_stm32f10x_hd.s
   Uses
      At line 84 in file ..\sys\startup_stm32f10x_hd.s
      At line 207 in file ..\sys\startup_stm32f10x_hd.s

UART4_IRQHandler 00000016

Symbol: UART4_IRQHandler
   Definitions
      At line 276 in file ..\sys\startup_stm32f10x_hd.s
   Uses
      At line 92 in file ..\sys\startup_stm32f10x_hd.s
      At line 215 in file ..\sys\startup_stm32f10x_hd.s

UART5_IRQHandler 00000016

Symbol: UART5_IRQHandler
   Definitions
      At line 277 in file ..\sys\startup_stm32f10x_hd.s
   Uses
      At line 93 in file ..\sys\startup_stm32f10x_hd.s
      At line 216 in file ..\sys\startup_stm32f10x_hd.s

USART1_IRQHandler 00000016

Symbol: USART1_IRQHandler
   Definitions
      At line 261 in file ..\sys\startup_stm32f10x_hd.s
   Uses
      At line 77 in file ..\sys\startup_stm32f10x_hd.s
      At line 200 in file ..\sys\startup_stm32f10x_hd.s

USART2_IRQHandler 00000016

Symbol: USART2_IRQHandler
   Definitions
      At line 262 in file ..\sys\startup_stm32f10x_hd.s
   Uses
      At line 78 in file ..\sys\startup_stm32f10x_hd.s



ARM Macro Assembler    Page 11 Alphabetic symbol ordering
Relocatable symbols

      At line 201 in file ..\sys\startup_stm32f10x_hd.s

USART3_IRQHandler 00000016

Symbol: USART3_IRQHandler
   Definitions
      At line 263 in file ..\sys\startup_stm32f10x_hd.s
   Uses
      At line 79 in file ..\sys\startup_stm32f10x_hd.s
      At line 202 in file ..\sys\startup_stm32f10x_hd.s

USBWakeUp_IRQHandler 00000016

Symbol: USBWakeUp_IRQHandler
   Definitions
      At line 266 in file ..\sys\startup_stm32f10x_hd.s
   Uses
      At line 82 in file ..\sys\startup_stm32f10x_hd.s
      At line 205 in file ..\sys\startup_stm32f10x_hd.s

USB_HP_CAN1_TX_IRQHandler 00000016

Symbol: USB_HP_CAN1_TX_IRQHandler
   Definitions
      At line 243 in file ..\sys\startup_stm32f10x_hd.s
   Uses
      At line 59 in file ..\sys\startup_stm32f10x_hd.s
      At line 182 in file ..\sys\startup_stm32f10x_hd.s

USB_LP_CAN1_RX0_IRQHandler 00000016

Symbol: USB_LP_CAN1_RX0_IRQHandler
   Definitions
      At line 244 in file ..\sys\startup_stm32f10x_hd.s
   Uses
      At line 60 in file ..\sys\startup_stm32f10x_hd.s
      At line 183 in file ..\sys\startup_stm32f10x_hd.s

UsageFault_Handler 0000000C

Symbol: UsageFault_Handler
   Definitions
      At line 139 in file ..\sys\startup_stm32f10x_hd.s
   Uses
      At line 28 in file ..\sys\startup_stm32f10x_hd.s
      At line 140 in file ..\sys\startup_stm32f10x_hd.s

WWDG_IRQHandler 00000016

Symbol: WWDG_IRQHandler
   Definitions
      At line 224 in file ..\sys\startup_stm32f10x_hd.s
   Uses
      At line 40 in file ..\sys\startup_stm32f10x_hd.s
      At line 163 in file ..\sys\startup_stm32f10x_hd.s

__user_initial_stackheap 00000018

Symbol: __user_initial_stackheap



ARM Macro Assembler    Page 12 Alphabetic symbol ordering
Relocatable symbols

   Definitions
      At line 304 in file ..\sys\startup_stm32f10x_hd.s
   Uses
      At line 302 in file ..\sys\startup_stm32f10x_hd.s
Comment: __user_initial_stackheap used once
73 symbols



ARM Macro Assembler    Page 1 Alphabetic symbol ordering
Absolute symbols

Heap_Size 00001000

Symbol: Heap_Size
   Definitions
      At line 8 in file ..\sys\startup_stm32f10x_hd.s
   Uses
      At line 11 in file ..\sys\startup_stm32f10x_hd.s
      At line 308 in file ..\sys\startup_stm32f10x_hd.s

Stack_Size 00001000

Symbol: Stack_Size
   Definitions
      At line 2 in file ..\sys\startup_stm32f10x_hd.s
   Uses
      At line 5 in file ..\sys\startup_stm32f10x_hd.s
      At line 307 in file ..\sys\startup_stm32f10x_hd.s

__Vectors_Size 00000130

Symbol: __Vectors_Size
   Definitions
      At line 102 in file ..\sys\startup_stm32f10x_hd.s
   Uses
      At line 20 in file ..\sys\startup_stm32f10x_hd.s
Comment: __Vectors_Size used once
3 symbols



ARM Macro Assembler    Page 1 Alphabetic symbol ordering
External symbols

__main 00000000

Symbol: __main
   Definitions
      At line 109 in file ..\sys\startup_stm32f10x_hd.s
   Uses
      At line 113 in file ..\sys\startup_stm32f10x_hd.s
Comment: __main used once
__use_two_region_memory 00000000

Symbol: __use_two_region_memory
   Definitions
      At line 301 in file ..\sys\startup_stm32f10x_hd.s
   Uses
      None
Comment: __use_two_region_memory unused
2 symbols
424 symbols in table
